[debug] [2023-03-19T11:35:14.539Z] ----------------------------------------------------------------------
[debug] [2023-03-19T11:35:14.544Z] Command:       C:\Program Files\nodejs\node.exe C:\Users\devar\AppData\Roaming\npm\node_modules\firebase-tools\lib\bin\firebase.js init
[debug] [2023-03-19T11:35:14.546Z] CLI Version:   11.24.1
[debug] [2023-03-19T11:35:14.547Z] Platform:      win32
[debug] [2023-03-19T11:35:14.548Z] Node Version:  v18.2.0
[debug] [2023-03-19T11:35:14.551Z] Time:          Sun Mar 19 2023 17:05:14 GMT+0530 (India Standard Time)
[debug] [2023-03-19T11:35:14.555Z] ----------------------------------------------------------------------
[debug] 
[debug] [2023-03-19T11:35:14.583Z] > command requires scopes: ["email","openid","https://www.googleapis.com/auth/cloudplatformprojects.readonly","https://www.googleapis.com/auth/firebase","https://www.googleapis.com/auth/cloud-platform"]
[debug] [2023-03-19T11:35:14.585Z] > authorizing via signed-in user (kingdeva227@gmail.com)
[info] 
     ######## #### ########  ######## ########     ###     ######  ########
     ##        ##  ##     ## ##       ##     ##  ##   ##  ##       ##
     ######    ##  ########  ######   ########  #########  ######  ######
     ##        ##  ##    ##  ##       ##     ## ##     ##       ## ##
     ##       #### ##     ## ######## ########  ##     ##  ######  ########

You're about to initialize a Firebase project in this directory:

  C:\Users\devar\OneDrive\Desktop\demodeplay\mydemo

[info] 
=== Project Setup
[info] 
[info] First, let's associate this project directory with a Firebase project.
[info] You can create multiple project aliases by running firebase use --add, 
[info] but for now we'll just set up a default project.
[info] 
[debug] [2023-03-19T11:36:36.696Z] >>> [apiv2][query] GET https://firebase.googleapis.com/v1beta1/projects pageSize=100
[debug] [2023-03-19T11:36:37.761Z] <<< [apiv2][status] GET https://firebase.googleapis.com/v1beta1/projects 200
[debug] [2023-03-19T11:36:37.761Z] <<< [apiv2][body] GET https://firebase.googleapis.com/v1beta1/projects [omitted]
[info] i  Using project union-bf806 (union) 
[info] 
=== Hosting Setup
[info] 
[info] Your public directory is the folder (relative to your project directory) that
[info] will contain Hosting assets to be uploaded with firebase deploy. If you
[info] have a build process for your assets, use your build's output directory.
[info] 
[debug] [2023-03-19T11:36:56.100Z] >>> [apiv2][query] GET https://www.gstatic.com/firebasejs/releases.json [none]
[debug] [2023-03-19T11:36:56.215Z] <<< [apiv2][status] GET https://www.gstatic.com/firebasejs/releases.json 200
[debug] [2023-03-19T11:36:56.215Z] <<< [apiv2][body] GET https://www.gstatic.com/firebasejs/releases.json {"current":{"version":"9.18.0","browserURL":"https://www.gstatic.com/firebasejs/9.18.0/firebase.js","packageURL":"https://www.gstatic.com/firebasejs/9.18.0/firebase.tgz"},"live":{"version":"9.18","browserURL":"https://www.gstatic.com/firebasejs/live/9.18/firebase.js","packageURL":"https://www.gstatic.com/firebasejs/live/9.18/firebase.tgz"},"components":{"analytics":"https://www.gstatic.com/firebasejs/9.18.0/firebase-analytics.js","app":"https://www.gstatic.com/firebasejs/9.18.0/firebase-app.js","app-check":"https://www.gstatic.com/firebasejs/9.18.0/firebase-app-check.js","auth":"https://www.gstatic.com/firebasejs/9.18.0/firebase-auth.js","auth/cordova":"https://www.gstatic.com/firebasejs/9.18.0/firebase-auth/cordova.js","auth/react-native":"https://www.gstatic.com/firebasejs/9.18.0/firebase-auth/react-native.js","functions":"https://www.gstatic.com/firebasejs/9.18.0/firebase-functions.js","firestore":"https://www.gstatic.com/firebasejs/9.18.0/firebase-firestore.js","firestore/lite":"https://www.gstatic.com/firebasejs/9.18.0/firebase-firestore/lite.js","installations":"https://www.gstatic.com/firebasejs/9.18.0/firebase-installations.js","storage":"https://www.gstatic.com/firebasejs/9.18.0/firebase-storage.js","performance":"https://www.gstatic.com/firebasejs/9.18.0/firebase-performance.js","remote-config":"https://www.gstatic.com/firebasejs/9.18.0/firebase-remote-config.js","messaging":"https://www.gstatic.com/firebasejs/9.18.0/firebase-messaging.js","messaging/sw":"https://www.gstatic.com/firebasejs/9.18.0/firebase-messaging/sw.js","database":"https://www.gstatic.com/firebasejs/9.18.0/firebase-database.js","firestore.memory":"https://www.gstatic.com/firebasejs/9.18.0/firebase-firestore.memory.js"}}
[info] i  Skipping write of public/index.html 
[info] 
[info] i  Detected a .git folder at C:\Users\devar\OneDrive\Desktop\demodeplay\mydemo 
[info] i  Authorizing with GitHub to upload your service account to a GitHub repository's secrets store. 
[info] 
[info] Visit this URL on this device to log in:
[info] https://github.com/login/oauth/authorize?client_id=89cf50f02ac6aaed3484&state=361877063&redirect_uri=http%3A%2F%2Flocalhost%3A9005&scope=read%3Auser%20repo%20public_repo
[info] 
[info] Waiting for authentication...
[debug] [2023-03-19T11:37:03.255Z] >>> [apiv2][query] POST https://github.com/login/oauth/access_token [none]
[debug] [2023-03-19T11:37:03.255Z] >>> [apiv2][body] POST https://github.com/login/oauth/access_token [stream]
[debug] [2023-03-19T11:37:03.764Z] <<< [apiv2][status] POST https://github.com/login/oauth/access_token 200
[debug] [2023-03-19T11:37:03.764Z] <<< [apiv2][body] POST https://github.com/login/oauth/access_token {"access_token":"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","token_type":"bearer","scope":"read:user,repo"}
[debug] [2023-03-19T11:37:03.787Z] >>> [apiv2][query] GET https://api.github.com/user [none]
[debug] [2023-03-19T11:37:04.178Z] <<< [apiv2][status] GET https://api.github.com/user 200
[debug] [2023-03-19T11:37:04.179Z] <<< [apiv2][body] GET https://api.github.com/user {"login":"kingdeva227","id":89745136,"node_id":"MDQ6VXNlcjg5NzQ1MTM2","avatar_url":"https://avatars.githubusercontent.com/u/89745136?v=4","gravatar_id":"","url":"https://api.github.com/users/kingdeva227","html_url":"https://github.com/kingdeva227","followers_url":"https://api.github.com/users/kingdeva227/followers","following_url":"https://api.github.com/users/kingdeva227/following{/other_user}","gists_url":"https://api.github.com/users/kingdeva227/gists{/gist_id}","starred_url":"https://api.github.com/users/kingdeva227/starred{/owner}{/repo}","subscriptions_url":"https://api.github.com/users/kingdeva227/subscriptions","organizations_url":"https://api.github.com/users/kingdeva227/orgs","repos_url":"https://api.github.com/users/kingdeva227/repos","events_url":"https://api.github.com/users/kingdeva227/events{/privacy}","received_events_url":"https://api.github.com/users/kingdeva227/received_events","type":"User","site_admin":false,"name":null,"company":null,"blog":"","location":null,"email":null,"hireable":null,"bio":null,"twitter_username":null,"public_repos":2,"public_gists":0,"followers":0,"following":0,"created_at":"2021-08-29T17:53:11Z","updated_at":"2023-03-19T08:58:49Z","private_gists":0,"total_private_repos":0,"owned_private_repos":0,"disk_usage":116,"collaborators":0,"two_factor_authentication":false,"plan":{"name":"free","space":976562499,"collaborators":0,"private_repos":10000}}
[info] 
[info] +  Success! Logged into GitHub as kingdeva227 
[info] 
[debug] [2023-03-19T11:37:09.611Z] >>> [apiv2][query] GET https://api.github.com/repos//actions/secrets/public-key type=owner
[debug] [2023-03-19T11:37:09.928Z] <<< [apiv2][status] GET https://api.github.com/repos//actions/secrets/public-key 404
[debug] [2023-03-19T11:37:09.929Z] <<< [apiv2][body] GET https://api.github.com/repos//actions/secrets/public-key {"message":"Not Found","documentation_url":"https://docs.github.com/rest"}
[debug] [2023-03-19T11:37:16.045Z] >>> [apiv2][query] GET https://api.github.com/repos/y/actions/secrets/public-key type=owner
[debug] [2023-03-19T11:37:16.380Z] <<< [apiv2][status] GET https://api.github.com/repos/y/actions/secrets/public-key 404
[debug] [2023-03-19T11:37:16.380Z] <<< [apiv2][body] GET https://api.github.com/repos/y/actions/secrets/public-key {"message":"Not Found","documentation_url":"https://docs.github.com/rest"}
